[debug] [2022-03-02T18:42:40.454Z] ----------------------------------------------------------------------
[debug] [2022-03-02T18:42:40.455Z] Command:       C:\Program Files\nodejs\node.exe C:\Users\Mainak Saha\AppData\Roaming\npm\node_modules\firebase-tools\lib\bin\firebase.js emulators:start
[debug] [2022-03-02T18:42:40.456Z] CLI Version:   10.2.1
[debug] [2022-03-02T18:42:40.456Z] Platform:      win32
[debug] [2022-03-02T18:42:40.456Z] Node Version:  v16.14.0
[debug] [2022-03-02T18:42:40.457Z] Time:          Thu Mar 03 2022 00:12:40 GMT+0530 (India Standard Time)
[debug] [2022-03-02T18:42:40.457Z] ----------------------------------------------------------------------
[debug] 
[debug] [2022-03-02T18:42:40.509Z] > command requires scopes: ["email","openid","https://www.googleapis.com/auth/cloudplatformprojects.readonly","https://www.googleapis.com/auth/firebase","https://www.googleapis.com/auth/cloud-platform"]
[debug] [2022-03-02T18:42:40.510Z] > authorizing via signed-in user (team.language.network@gmail.com)
[info] i  emulators: Starting emulators: hosting {"metadata":{"emulator":{"name":"hub"},"message":"Starting emulators: hosting"}}
[debug] [2022-03-02T18:42:40.553Z] [hub] writing locator at C:\Users\MAINAK~1\AppData\Local\Temp\hub-thelanguagenetwork-23501.json
[debug] [2022-03-02T18:42:40.577Z] >>> [apiv2][query] GET https://firebasehosting.googleapis.com/v1beta1/projects/thelanguagenetwork-23501/sites 
[debug] [2022-03-02T18:42:43.180Z] <<< [apiv2][status] GET https://firebasehosting.googleapis.com/v1beta1/projects/thelanguagenetwork-23501/sites 200
[debug] [2022-03-02T18:42:43.180Z] <<< [apiv2][body] GET https://firebasehosting.googleapis.com/v1beta1/projects/thelanguagenetwork-23501/sites {"sites":[{"name":"projects/837566465119/sites/thelanguagenetwork-23501","defaultUrl":"https://thelanguagenetwork-23501.web.app","appId":"1:837566465119:web:beb8c9045de336401fc7ea","type":"DEFAULT_SITE"}]}
[debug] [2022-03-02T18:42:43.181Z] >>> [apiv2][query] GET https://firebase.googleapis.com/v1beta1/projects/thelanguagenetwork-23501/webApps/1:837566465119:web:beb8c9045de336401fc7ea/config [none]
[debug] [2022-03-02T18:42:45.079Z] <<< [apiv2][status] GET https://firebase.googleapis.com/v1beta1/projects/thelanguagenetwork-23501/webApps/1:837566465119:web:beb8c9045de336401fc7ea/config 200
[debug] [2022-03-02T18:42:45.079Z] <<< [apiv2][body] GET https://firebase.googleapis.com/v1beta1/projects/thelanguagenetwork-23501/webApps/1:837566465119:web:beb8c9045de336401fc7ea/config {"projectId":"thelanguagenetwork-23501","appId":"1:837566465119:web:beb8c9045de336401fc7ea","storageBucket":"thelanguagenetwork-23501.appspot.com","apiKey":"AIzaSyBrsTSy_ObXt4BIdmO2UeTDVNPOKg0KT5I","authDomain":"thelanguagenetwork-23501.firebaseapp.com","messagingSenderId":"837566465119","measurementId":"G-0NVRSLGNSY"}
[info] i  hosting: Serving hosting files from: public {"metadata":{"emulator":{"name":"hosting"},"message":"Serving hosting files from: \u001b[1mpublic\u001b[22m"}}
[info] +  hosting: Local server: http://localhost:5000 {"metadata":{"emulator":{"name":"hosting"},"message":"Local server: \u001b[4m\u001b[1mhttp://localhost:5000\u001b[22m\u001b[24m"}}
[warn] !  emulators: The Emulator UI requires a project ID to start. Configure your default project with 'firebase use' or pass the --project flag. {"metadata":{"emulator":{"name":"hub"},"message":"The Emulator UI requires a project ID to start. Configure your default project with 'firebase use' or pass the --project flag."}}
[info] 
┌─────────────────────────────────────────────────────────────┐
│ ✔  All emulators ready! It is now safe to connect your app. │
└─────────────────────────────────────────────────────────────┘

┌──────────┬────────────────┐
│ Emulator │ Host:Port      │
├──────────┼────────────────┤
│ Hosting  │ localhost:5000 │
└──────────┴────────────────┘
  Emulator Hub running at localhost:4400
  Other reserved ports: None

Issues? Report them at https://github.com/firebase/firebase-tools/issues and attach the *-debug.log files.
 
